ARM GAS  /tmp/ccotmk3m.s 			page 1


   1              		.cpu cortex-m4
   2              		.eabi_attribute 27, 1
   3              		.eabi_attribute 28, 1
   4              		.eabi_attribute 20, 1
   5              		.eabi_attribute 21, 1
   6              		.eabi_attribute 23, 3
   7              		.eabi_attribute 24, 1
   8              		.eabi_attribute 25, 1
   9              		.eabi_attribute 26, 1
  10              		.eabi_attribute 30, 1
  11              		.eabi_attribute 34, 1
  12              		.eabi_attribute 18, 4
  13              		.file	"stm32f3xx_hal_msp.c"
  14              		.text
  15              	.Ltext0:
  16              		.cfi_sections	.debug_frame
  17              		.section	.text.HAL_MspInit,"ax",%progbits
  18              		.align	1
  19              		.global	HAL_MspInit
  20              		.arch armv7e-m
  21              		.syntax unified
  22              		.thumb
  23              		.thumb_func
  24              		.fpu fpv4-sp-d16
  26              	HAL_MspInit:
  27              	.LFB130:
  28              		.file 1 "Core/Src/stm32f3xx_hal_msp.c"
   1:Core/Src/stm32f3xx_hal_msp.c **** /* USER CODE BEGIN Header */
   2:Core/Src/stm32f3xx_hal_msp.c **** /**
   3:Core/Src/stm32f3xx_hal_msp.c ****   ******************************************************************************
   4:Core/Src/stm32f3xx_hal_msp.c ****   * @file         stm32f3xx_hal_msp.c
   5:Core/Src/stm32f3xx_hal_msp.c ****   * @brief        This file provides code for the MSP Initialization
   6:Core/Src/stm32f3xx_hal_msp.c ****   *               and de-Initialization codes.
   7:Core/Src/stm32f3xx_hal_msp.c ****   ******************************************************************************
   8:Core/Src/stm32f3xx_hal_msp.c ****   * @attention
   9:Core/Src/stm32f3xx_hal_msp.c ****   *
  10:Core/Src/stm32f3xx_hal_msp.c ****   * Copyright (c) 2022 STMicroelectronics.
  11:Core/Src/stm32f3xx_hal_msp.c ****   * All rights reserved.
  12:Core/Src/stm32f3xx_hal_msp.c ****   *
  13:Core/Src/stm32f3xx_hal_msp.c ****   * This software is licensed under terms that can be found in the LICENSE file
  14:Core/Src/stm32f3xx_hal_msp.c ****   * in the root directory of this software component.
  15:Core/Src/stm32f3xx_hal_msp.c ****   * If no LICENSE file comes with this software, it is provided AS-IS.
  16:Core/Src/stm32f3xx_hal_msp.c ****   *
  17:Core/Src/stm32f3xx_hal_msp.c ****   ******************************************************************************
  18:Core/Src/stm32f3xx_hal_msp.c ****   */
  19:Core/Src/stm32f3xx_hal_msp.c **** /* USER CODE END Header */
  20:Core/Src/stm32f3xx_hal_msp.c **** 
  21:Core/Src/stm32f3xx_hal_msp.c **** /* Includes ------------------------------------------------------------------*/
  22:Core/Src/stm32f3xx_hal_msp.c **** #include "main.h"
  23:Core/Src/stm32f3xx_hal_msp.c **** /* USER CODE BEGIN Includes */
  24:Core/Src/stm32f3xx_hal_msp.c **** 
  25:Core/Src/stm32f3xx_hal_msp.c **** /* USER CODE END Includes */
  26:Core/Src/stm32f3xx_hal_msp.c **** 
  27:Core/Src/stm32f3xx_hal_msp.c **** /* Private typedef -----------------------------------------------------------*/
  28:Core/Src/stm32f3xx_hal_msp.c **** /* USER CODE BEGIN TD */
  29:Core/Src/stm32f3xx_hal_msp.c **** 
  30:Core/Src/stm32f3xx_hal_msp.c **** /* USER CODE END TD */
ARM GAS  /tmp/ccotmk3m.s 			page 2


  31:Core/Src/stm32f3xx_hal_msp.c **** 
  32:Core/Src/stm32f3xx_hal_msp.c **** /* Private define ------------------------------------------------------------*/
  33:Core/Src/stm32f3xx_hal_msp.c **** /* USER CODE BEGIN Define */
  34:Core/Src/stm32f3xx_hal_msp.c **** 
  35:Core/Src/stm32f3xx_hal_msp.c **** /* USER CODE END Define */
  36:Core/Src/stm32f3xx_hal_msp.c **** 
  37:Core/Src/stm32f3xx_hal_msp.c **** /* Private macro -------------------------------------------------------------*/
  38:Core/Src/stm32f3xx_hal_msp.c **** /* USER CODE BEGIN Macro */
  39:Core/Src/stm32f3xx_hal_msp.c **** 
  40:Core/Src/stm32f3xx_hal_msp.c **** /* USER CODE END Macro */
  41:Core/Src/stm32f3xx_hal_msp.c **** 
  42:Core/Src/stm32f3xx_hal_msp.c **** /* Private variables ---------------------------------------------------------*/
  43:Core/Src/stm32f3xx_hal_msp.c **** /* USER CODE BEGIN PV */
  44:Core/Src/stm32f3xx_hal_msp.c **** 
  45:Core/Src/stm32f3xx_hal_msp.c **** /* USER CODE END PV */
  46:Core/Src/stm32f3xx_hal_msp.c **** 
  47:Core/Src/stm32f3xx_hal_msp.c **** /* Private function prototypes -----------------------------------------------*/
  48:Core/Src/stm32f3xx_hal_msp.c **** /* USER CODE BEGIN PFP */
  49:Core/Src/stm32f3xx_hal_msp.c **** 
  50:Core/Src/stm32f3xx_hal_msp.c **** /* USER CODE END PFP */
  51:Core/Src/stm32f3xx_hal_msp.c **** 
  52:Core/Src/stm32f3xx_hal_msp.c **** /* External functions --------------------------------------------------------*/
  53:Core/Src/stm32f3xx_hal_msp.c **** /* USER CODE BEGIN ExternalFunctions */
  54:Core/Src/stm32f3xx_hal_msp.c **** 
  55:Core/Src/stm32f3xx_hal_msp.c **** /* USER CODE END ExternalFunctions */
  56:Core/Src/stm32f3xx_hal_msp.c **** 
  57:Core/Src/stm32f3xx_hal_msp.c **** /* USER CODE BEGIN 0 */
  58:Core/Src/stm32f3xx_hal_msp.c **** 
  59:Core/Src/stm32f3xx_hal_msp.c **** /* USER CODE END 0 */
  60:Core/Src/stm32f3xx_hal_msp.c **** /**
  61:Core/Src/stm32f3xx_hal_msp.c ****   * Initializes the Global MSP.
  62:Core/Src/stm32f3xx_hal_msp.c ****   */
  63:Core/Src/stm32f3xx_hal_msp.c **** void HAL_MspInit(void)
  64:Core/Src/stm32f3xx_hal_msp.c **** {
  29              		.loc 1 64 1 view -0
  30              		.cfi_startproc
  31              		@ args = 0, pretend = 0, frame = 8
  32              		@ frame_needed = 0, uses_anonymous_args = 0
  33 0000 00B5     		push	{lr}
  34              		.cfi_def_cfa_offset 4
  35              		.cfi_offset 14, -4
  36 0002 83B0     		sub	sp, sp, #12
  37              		.cfi_def_cfa_offset 16
  65:Core/Src/stm32f3xx_hal_msp.c ****   /* USER CODE BEGIN MspInit 0 */
  66:Core/Src/stm32f3xx_hal_msp.c **** 
  67:Core/Src/stm32f3xx_hal_msp.c ****   /* USER CODE END MspInit 0 */
  68:Core/Src/stm32f3xx_hal_msp.c **** 
  69:Core/Src/stm32f3xx_hal_msp.c ****   __HAL_RCC_SYSCFG_CLK_ENABLE();
  38              		.loc 1 69 3 view .LVU1
  39              	.LBB2:
  40              		.loc 1 69 3 view .LVU2
  41              		.loc 1 69 3 view .LVU3
  42 0004 0C4B     		ldr	r3, .L3
  43 0006 9A69     		ldr	r2, [r3, #24]
  44 0008 42F00102 		orr	r2, r2, #1
  45 000c 9A61     		str	r2, [r3, #24]
  46              		.loc 1 69 3 view .LVU4
ARM GAS  /tmp/ccotmk3m.s 			page 3


  47 000e 9A69     		ldr	r2, [r3, #24]
  48 0010 02F00102 		and	r2, r2, #1
  49 0014 0092     		str	r2, [sp]
  50              		.loc 1 69 3 view .LVU5
  51 0016 009A     		ldr	r2, [sp]
  52              	.LBE2:
  53              		.loc 1 69 3 view .LVU6
  70:Core/Src/stm32f3xx_hal_msp.c ****   __HAL_RCC_PWR_CLK_ENABLE();
  54              		.loc 1 70 3 view .LVU7
  55              	.LBB3:
  56              		.loc 1 70 3 view .LVU8
  57              		.loc 1 70 3 view .LVU9
  58 0018 DA69     		ldr	r2, [r3, #28]
  59 001a 42F08052 		orr	r2, r2, #268435456
  60 001e DA61     		str	r2, [r3, #28]
  61              		.loc 1 70 3 view .LVU10
  62 0020 DB69     		ldr	r3, [r3, #28]
  63 0022 03F08053 		and	r3, r3, #268435456
  64 0026 0193     		str	r3, [sp, #4]
  65              		.loc 1 70 3 view .LVU11
  66 0028 019B     		ldr	r3, [sp, #4]
  67              	.LBE3:
  68              		.loc 1 70 3 view .LVU12
  71:Core/Src/stm32f3xx_hal_msp.c **** 
  72:Core/Src/stm32f3xx_hal_msp.c ****   HAL_NVIC_SetPriorityGrouping(NVIC_PRIORITYGROUP_0);
  69              		.loc 1 72 3 view .LVU13
  70 002a 0720     		movs	r0, #7
  71 002c FFF7FEFF 		bl	HAL_NVIC_SetPriorityGrouping
  72              	.LVL0:
  73:Core/Src/stm32f3xx_hal_msp.c **** 
  74:Core/Src/stm32f3xx_hal_msp.c ****   /* System interrupt init*/
  75:Core/Src/stm32f3xx_hal_msp.c **** 
  76:Core/Src/stm32f3xx_hal_msp.c ****   /* USER CODE BEGIN MspInit 1 */
  77:Core/Src/stm32f3xx_hal_msp.c **** 
  78:Core/Src/stm32f3xx_hal_msp.c ****   /* USER CODE END MspInit 1 */
  79:Core/Src/stm32f3xx_hal_msp.c **** }
  73              		.loc 1 79 1 is_stmt 0 view .LVU14
  74 0030 03B0     		add	sp, sp, #12
  75              		.cfi_def_cfa_offset 4
  76              		@ sp needed
  77 0032 5DF804FB 		ldr	pc, [sp], #4
  78              	.L4:
  79 0036 00BF     		.align	2
  80              	.L3:
  81 0038 00100240 		.word	1073876992
  82              		.cfi_endproc
  83              	.LFE130:
  85              		.section	.text.HAL_UART_MspInit,"ax",%progbits
  86              		.align	1
  87              		.global	HAL_UART_MspInit
  88              		.syntax unified
  89              		.thumb
  90              		.thumb_func
  91              		.fpu fpv4-sp-d16
  93              	HAL_UART_MspInit:
  94              	.LVL1:
  95              	.LFB131:
ARM GAS  /tmp/ccotmk3m.s 			page 4


  80:Core/Src/stm32f3xx_hal_msp.c **** 
  81:Core/Src/stm32f3xx_hal_msp.c **** /**
  82:Core/Src/stm32f3xx_hal_msp.c **** * @brief UART MSP Initialization
  83:Core/Src/stm32f3xx_hal_msp.c **** * This function configures the hardware resources used in this example
  84:Core/Src/stm32f3xx_hal_msp.c **** * @param huart: UART handle pointer
  85:Core/Src/stm32f3xx_hal_msp.c **** * @retval None
  86:Core/Src/stm32f3xx_hal_msp.c **** */
  87:Core/Src/stm32f3xx_hal_msp.c **** void HAL_UART_MspInit(UART_HandleTypeDef* huart)
  88:Core/Src/stm32f3xx_hal_msp.c **** {
  96              		.loc 1 88 1 is_stmt 1 view -0
  97              		.cfi_startproc
  98              		@ args = 0, pretend = 0, frame = 32
  99              		@ frame_needed = 0, uses_anonymous_args = 0
 100              		.loc 1 88 1 is_stmt 0 view .LVU16
 101 0000 00B5     		push	{lr}
 102              		.cfi_def_cfa_offset 4
 103              		.cfi_offset 14, -4
 104 0002 89B0     		sub	sp, sp, #36
 105              		.cfi_def_cfa_offset 40
  89:Core/Src/stm32f3xx_hal_msp.c ****   GPIO_InitTypeDef GPIO_InitStruct = {0};
 106              		.loc 1 89 3 is_stmt 1 view .LVU17
 107              		.loc 1 89 20 is_stmt 0 view .LVU18
 108 0004 0023     		movs	r3, #0
 109 0006 0393     		str	r3, [sp, #12]
 110 0008 0493     		str	r3, [sp, #16]
 111 000a 0593     		str	r3, [sp, #20]
 112 000c 0693     		str	r3, [sp, #24]
 113 000e 0793     		str	r3, [sp, #28]
  90:Core/Src/stm32f3xx_hal_msp.c ****   if(huart->Instance==USART2)
 114              		.loc 1 90 3 is_stmt 1 view .LVU19
 115              		.loc 1 90 11 is_stmt 0 view .LVU20
 116 0010 0268     		ldr	r2, [r0]
 117              		.loc 1 90 5 view .LVU21
 118 0012 144B     		ldr	r3, .L9
 119 0014 9A42     		cmp	r2, r3
 120 0016 02D0     		beq	.L8
 121              	.LVL2:
 122              	.L5:
  91:Core/Src/stm32f3xx_hal_msp.c ****   {
  92:Core/Src/stm32f3xx_hal_msp.c ****   /* USER CODE BEGIN USART2_MspInit 0 */
  93:Core/Src/stm32f3xx_hal_msp.c **** 
  94:Core/Src/stm32f3xx_hal_msp.c ****   /* USER CODE END USART2_MspInit 0 */
  95:Core/Src/stm32f3xx_hal_msp.c ****     /* Peripheral clock enable */
  96:Core/Src/stm32f3xx_hal_msp.c ****     __HAL_RCC_USART2_CLK_ENABLE();
  97:Core/Src/stm32f3xx_hal_msp.c **** 
  98:Core/Src/stm32f3xx_hal_msp.c ****     __HAL_RCC_GPIOA_CLK_ENABLE();
  99:Core/Src/stm32f3xx_hal_msp.c ****     /**USART2 GPIO Configuration
 100:Core/Src/stm32f3xx_hal_msp.c ****     PA2     ------> USART2_TX
 101:Core/Src/stm32f3xx_hal_msp.c ****     PA3     ------> USART2_RX
 102:Core/Src/stm32f3xx_hal_msp.c ****     */
 103:Core/Src/stm32f3xx_hal_msp.c ****     GPIO_InitStruct.Pin = USART_TX_Pin|USART_RX_Pin;
 104:Core/Src/stm32f3xx_hal_msp.c ****     GPIO_InitStruct.Mode = GPIO_MODE_AF_PP;
 105:Core/Src/stm32f3xx_hal_msp.c ****     GPIO_InitStruct.Pull = GPIO_NOPULL;
 106:Core/Src/stm32f3xx_hal_msp.c ****     GPIO_InitStruct.Speed = GPIO_SPEED_FREQ_LOW;
 107:Core/Src/stm32f3xx_hal_msp.c ****     GPIO_InitStruct.Alternate = GPIO_AF7_USART2;
 108:Core/Src/stm32f3xx_hal_msp.c ****     HAL_GPIO_Init(GPIOA, &GPIO_InitStruct);
 109:Core/Src/stm32f3xx_hal_msp.c **** 
ARM GAS  /tmp/ccotmk3m.s 			page 5


 110:Core/Src/stm32f3xx_hal_msp.c ****   /* USER CODE BEGIN USART2_MspInit 1 */
 111:Core/Src/stm32f3xx_hal_msp.c **** 
 112:Core/Src/stm32f3xx_hal_msp.c ****   /* USER CODE END USART2_MspInit 1 */
 113:Core/Src/stm32f3xx_hal_msp.c ****   }
 114:Core/Src/stm32f3xx_hal_msp.c **** 
 115:Core/Src/stm32f3xx_hal_msp.c **** }
 123              		.loc 1 115 1 view .LVU22
 124 0018 09B0     		add	sp, sp, #36
 125              		.cfi_remember_state
 126              		.cfi_def_cfa_offset 4
 127              		@ sp needed
 128 001a 5DF804FB 		ldr	pc, [sp], #4
 129              	.LVL3:
 130              	.L8:
 131              		.cfi_restore_state
  96:Core/Src/stm32f3xx_hal_msp.c **** 
 132              		.loc 1 96 5 is_stmt 1 view .LVU23
 133              	.LBB4:
  96:Core/Src/stm32f3xx_hal_msp.c **** 
 134              		.loc 1 96 5 view .LVU24
  96:Core/Src/stm32f3xx_hal_msp.c **** 
 135              		.loc 1 96 5 view .LVU25
 136 001e 03F5E633 		add	r3, r3, #117760
 137 0022 DA69     		ldr	r2, [r3, #28]
 138 0024 42F40032 		orr	r2, r2, #131072
 139 0028 DA61     		str	r2, [r3, #28]
  96:Core/Src/stm32f3xx_hal_msp.c **** 
 140              		.loc 1 96 5 view .LVU26
 141 002a DA69     		ldr	r2, [r3, #28]
 142 002c 02F40032 		and	r2, r2, #131072
 143 0030 0192     		str	r2, [sp, #4]
  96:Core/Src/stm32f3xx_hal_msp.c **** 
 144              		.loc 1 96 5 view .LVU27
 145 0032 019A     		ldr	r2, [sp, #4]
 146              	.LBE4:
  96:Core/Src/stm32f3xx_hal_msp.c **** 
 147              		.loc 1 96 5 view .LVU28
  98:Core/Src/stm32f3xx_hal_msp.c ****     /**USART2 GPIO Configuration
 148              		.loc 1 98 5 view .LVU29
 149              	.LBB5:
  98:Core/Src/stm32f3xx_hal_msp.c ****     /**USART2 GPIO Configuration
 150              		.loc 1 98 5 view .LVU30
  98:Core/Src/stm32f3xx_hal_msp.c ****     /**USART2 GPIO Configuration
 151              		.loc 1 98 5 view .LVU31
 152 0034 5A69     		ldr	r2, [r3, #20]
 153 0036 42F40032 		orr	r2, r2, #131072
 154 003a 5A61     		str	r2, [r3, #20]
  98:Core/Src/stm32f3xx_hal_msp.c ****     /**USART2 GPIO Configuration
 155              		.loc 1 98 5 view .LVU32
 156 003c 5B69     		ldr	r3, [r3, #20]
 157 003e 03F40033 		and	r3, r3, #131072
 158 0042 0293     		str	r3, [sp, #8]
  98:Core/Src/stm32f3xx_hal_msp.c ****     /**USART2 GPIO Configuration
 159              		.loc 1 98 5 view .LVU33
 160 0044 029B     		ldr	r3, [sp, #8]
 161              	.LBE5:
  98:Core/Src/stm32f3xx_hal_msp.c ****     /**USART2 GPIO Configuration
ARM GAS  /tmp/ccotmk3m.s 			page 6


 162              		.loc 1 98 5 view .LVU34
 103:Core/Src/stm32f3xx_hal_msp.c ****     GPIO_InitStruct.Mode = GPIO_MODE_AF_PP;
 163              		.loc 1 103 5 view .LVU35
 103:Core/Src/stm32f3xx_hal_msp.c ****     GPIO_InitStruct.Mode = GPIO_MODE_AF_PP;
 164              		.loc 1 103 25 is_stmt 0 view .LVU36
 165 0046 0C23     		movs	r3, #12
 166 0048 0393     		str	r3, [sp, #12]
 104:Core/Src/stm32f3xx_hal_msp.c ****     GPIO_InitStruct.Pull = GPIO_NOPULL;
 167              		.loc 1 104 5 is_stmt 1 view .LVU37
 104:Core/Src/stm32f3xx_hal_msp.c ****     GPIO_InitStruct.Pull = GPIO_NOPULL;
 168              		.loc 1 104 26 is_stmt 0 view .LVU38
 169 004a 0223     		movs	r3, #2
 170 004c 0493     		str	r3, [sp, #16]
 105:Core/Src/stm32f3xx_hal_msp.c ****     GPIO_InitStruct.Speed = GPIO_SPEED_FREQ_LOW;
 171              		.loc 1 105 5 is_stmt 1 view .LVU39
 105:Core/Src/stm32f3xx_hal_msp.c ****     GPIO_InitStruct.Speed = GPIO_SPEED_FREQ_LOW;
 172              		.loc 1 105 26 is_stmt 0 view .LVU40
 173 004e 0023     		movs	r3, #0
 174 0050 0593     		str	r3, [sp, #20]
 106:Core/Src/stm32f3xx_hal_msp.c ****     GPIO_InitStruct.Alternate = GPIO_AF7_USART2;
 175              		.loc 1 106 5 is_stmt 1 view .LVU41
 106:Core/Src/stm32f3xx_hal_msp.c ****     GPIO_InitStruct.Alternate = GPIO_AF7_USART2;
 176              		.loc 1 106 27 is_stmt 0 view .LVU42
 177 0052 0693     		str	r3, [sp, #24]
 107:Core/Src/stm32f3xx_hal_msp.c ****     HAL_GPIO_Init(GPIOA, &GPIO_InitStruct);
 178              		.loc 1 107 5 is_stmt 1 view .LVU43
 107:Core/Src/stm32f3xx_hal_msp.c ****     HAL_GPIO_Init(GPIOA, &GPIO_InitStruct);
 179              		.loc 1 107 31 is_stmt 0 view .LVU44
 180 0054 0723     		movs	r3, #7
 181 0056 0793     		str	r3, [sp, #28]
 108:Core/Src/stm32f3xx_hal_msp.c **** 
 182              		.loc 1 108 5 is_stmt 1 view .LVU45
 183 0058 03A9     		add	r1, sp, #12
 184 005a 4FF09040 		mov	r0, #1207959552
 185              	.LVL4:
 108:Core/Src/stm32f3xx_hal_msp.c **** 
 186              		.loc 1 108 5 is_stmt 0 view .LVU46
 187 005e FFF7FEFF 		bl	HAL_GPIO_Init
 188              	.LVL5:
 189              		.loc 1 115 1 view .LVU47
 190 0062 D9E7     		b	.L5
 191              	.L10:
 192              		.align	2
 193              	.L9:
 194 0064 00440040 		.word	1073759232
 195              		.cfi_endproc
 196              	.LFE131:
 198              		.section	.text.HAL_UART_MspDeInit,"ax",%progbits
 199              		.align	1
 200              		.global	HAL_UART_MspDeInit
 201              		.syntax unified
 202              		.thumb
 203              		.thumb_func
 204              		.fpu fpv4-sp-d16
 206              	HAL_UART_MspDeInit:
 207              	.LVL6:
 208              	.LFB132:
ARM GAS  /tmp/ccotmk3m.s 			page 7


 116:Core/Src/stm32f3xx_hal_msp.c **** 
 117:Core/Src/stm32f3xx_hal_msp.c **** /**
 118:Core/Src/stm32f3xx_hal_msp.c **** * @brief UART MSP De-Initialization
 119:Core/Src/stm32f3xx_hal_msp.c **** * This function freeze the hardware resources used in this example
 120:Core/Src/stm32f3xx_hal_msp.c **** * @param huart: UART handle pointer
 121:Core/Src/stm32f3xx_hal_msp.c **** * @retval None
 122:Core/Src/stm32f3xx_hal_msp.c **** */
 123:Core/Src/stm32f3xx_hal_msp.c **** void HAL_UART_MspDeInit(UART_HandleTypeDef* huart)
 124:Core/Src/stm32f3xx_hal_msp.c **** {
 209              		.loc 1 124 1 is_stmt 1 view -0
 210              		.cfi_startproc
 211              		@ args = 0, pretend = 0, frame = 0
 212              		@ frame_needed = 0, uses_anonymous_args = 0
 213              		.loc 1 124 1 is_stmt 0 view .LVU49
 214 0000 08B5     		push	{r3, lr}
 215              		.cfi_def_cfa_offset 8
 216              		.cfi_offset 3, -8
 217              		.cfi_offset 14, -4
 125:Core/Src/stm32f3xx_hal_msp.c ****   if(huart->Instance==USART2)
 218              		.loc 1 125 3 is_stmt 1 view .LVU50
 219              		.loc 1 125 11 is_stmt 0 view .LVU51
 220 0002 0268     		ldr	r2, [r0]
 221              		.loc 1 125 5 view .LVU52
 222 0004 074B     		ldr	r3, .L15
 223 0006 9A42     		cmp	r2, r3
 224 0008 00D0     		beq	.L14
 225              	.LVL7:
 226              	.L11:
 126:Core/Src/stm32f3xx_hal_msp.c ****   {
 127:Core/Src/stm32f3xx_hal_msp.c ****   /* USER CODE BEGIN USART2_MspDeInit 0 */
 128:Core/Src/stm32f3xx_hal_msp.c **** 
 129:Core/Src/stm32f3xx_hal_msp.c ****   /* USER CODE END USART2_MspDeInit 0 */
 130:Core/Src/stm32f3xx_hal_msp.c ****     /* Peripheral clock disable */
 131:Core/Src/stm32f3xx_hal_msp.c ****     __HAL_RCC_USART2_CLK_DISABLE();
 132:Core/Src/stm32f3xx_hal_msp.c **** 
 133:Core/Src/stm32f3xx_hal_msp.c ****     /**USART2 GPIO Configuration
 134:Core/Src/stm32f3xx_hal_msp.c ****     PA2     ------> USART2_TX
 135:Core/Src/stm32f3xx_hal_msp.c ****     PA3     ------> USART2_RX
 136:Core/Src/stm32f3xx_hal_msp.c ****     */
 137:Core/Src/stm32f3xx_hal_msp.c ****     HAL_GPIO_DeInit(GPIOA, USART_TX_Pin|USART_RX_Pin);
 138:Core/Src/stm32f3xx_hal_msp.c **** 
 139:Core/Src/stm32f3xx_hal_msp.c ****   /* USER CODE BEGIN USART2_MspDeInit 1 */
 140:Core/Src/stm32f3xx_hal_msp.c **** 
 141:Core/Src/stm32f3xx_hal_msp.c ****   /* USER CODE END USART2_MspDeInit 1 */
 142:Core/Src/stm32f3xx_hal_msp.c ****   }
 143:Core/Src/stm32f3xx_hal_msp.c **** 
 144:Core/Src/stm32f3xx_hal_msp.c **** }
 227              		.loc 1 144 1 view .LVU53
 228 000a 08BD     		pop	{r3, pc}
 229              	.LVL8:
 230              	.L14:
 131:Core/Src/stm32f3xx_hal_msp.c **** 
 231              		.loc 1 131 5 is_stmt 1 view .LVU54
 232 000c 064A     		ldr	r2, .L15+4
 233 000e D369     		ldr	r3, [r2, #28]
 234 0010 23F40033 		bic	r3, r3, #131072
 235 0014 D361     		str	r3, [r2, #28]
ARM GAS  /tmp/ccotmk3m.s 			page 8


 137:Core/Src/stm32f3xx_hal_msp.c **** 
 236              		.loc 1 137 5 view .LVU55
 237 0016 0C21     		movs	r1, #12
 238 0018 4FF09040 		mov	r0, #1207959552
 239              	.LVL9:
 137:Core/Src/stm32f3xx_hal_msp.c **** 
 240              		.loc 1 137 5 is_stmt 0 view .LVU56
 241 001c FFF7FEFF 		bl	HAL_GPIO_DeInit
 242              	.LVL10:
 243              		.loc 1 144 1 view .LVU57
 244 0020 F3E7     		b	.L11
 245              	.L16:
 246 0022 00BF     		.align	2
 247              	.L15:
 248 0024 00440040 		.word	1073759232
 249 0028 00100240 		.word	1073876992
 250              		.cfi_endproc
 251              	.LFE132:
 253              		.text
 254              	.Letext0:
 255              		.file 2 "/usr/lib/gcc/arm-none-eabi/9.2.1/include/stdint.h"
 256              		.file 3 "Drivers/CMSIS/Include/core_cm4.h"
 257              		.file 4 "Drivers/CMSIS/Device/ST/STM32F3xx/Include/system_stm32f3xx.h"
 258              		.file 5 "Drivers/CMSIS/Device/ST/STM32F3xx/Include/stm32f303xe.h"
 259              		.file 6 "Drivers/STM32F3xx_HAL_Driver/Inc/stm32f3xx_hal_def.h"
 260              		.file 7 "Drivers/STM32F3xx_HAL_Driver/Inc/stm32f3xx_hal_gpio.h"
 261              		.file 8 "Drivers/STM32F3xx_HAL_Driver/Inc/stm32f3xx_hal_dma.h"
 262              		.file 9 "Drivers/STM32F3xx_HAL_Driver/Inc/stm32f3xx_hal_uart.h"
 263              		.file 10 "Drivers/STM32F3xx_HAL_Driver/Inc/stm32f3xx_hal.h"
 264              		.file 11 "Drivers/STM32F3xx_HAL_Driver/Inc/stm32f3xx_hal_cortex.h"
ARM GAS  /tmp/ccotmk3m.s 			page 9


DEFINED SYMBOLS
                            *ABS*:0000000000000000 stm32f3xx_hal_msp.c
     /tmp/ccotmk3m.s:18     .text.HAL_MspInit:0000000000000000 $t
     /tmp/ccotmk3m.s:26     .text.HAL_MspInit:0000000000000000 HAL_MspInit
     /tmp/ccotmk3m.s:81     .text.HAL_MspInit:0000000000000038 $d
     /tmp/ccotmk3m.s:86     .text.HAL_UART_MspInit:0000000000000000 $t
     /tmp/ccotmk3m.s:93     .text.HAL_UART_MspInit:0000000000000000 HAL_UART_MspInit
     /tmp/ccotmk3m.s:194    .text.HAL_UART_MspInit:0000000000000064 $d
     /tmp/ccotmk3m.s:199    .text.HAL_UART_MspDeInit:0000000000000000 $t
     /tmp/ccotmk3m.s:206    .text.HAL_UART_MspDeInit:0000000000000000 HAL_UART_MspDeInit
     /tmp/ccotmk3m.s:248    .text.HAL_UART_MspDeInit:0000000000000024 $d

UNDEFINED SYMBOLS
HAL_NVIC_SetPriorityGrouping
HAL_GPIO_Init
HAL_GPIO_DeInit
