make all --print-data-base --no-builtin-variables --no-builtin-rules --question
# GNU Make 4.2.1
# Built for x86_64-pc-linux-gnu
# Copyright (C) 1988-2016 Free Software Foundation, Inc.
# License GPLv3+: GNU GPL version 3 or later <http://gnu.org/licenses/gpl.html>
# This is free software: you are free to change and redistribute it.
# There is NO WARRANTY, to the extent permitted by law.

# Make data base, printed on Mon Jul 18 22:16:54 2022

# Variables

# automatic
<D = $(patsubst %/,%,$(dir $<))
# automatic
?F = $(notdir $?)
# environment
DESKTOP_SESSION = xubuntu
# default
.SHELLFLAGS := -c
# environment
XDG_SESSION_CLASS = user
# makefile (from 'Makefile', line 141)
LDSCRIPT = STM32F303RETx_FLASH.ld
# environment
XDG_SESSION_TYPE = x11
# makefile (from 'Makefile', line 16)
TARGET = testmakeprogram
# automatic
?D = $(patsubst %/,%,$(dir $?))
# makefile (from 'Makefile', line 103)
AS_DEFS = 
# makefile (from 'Makefile', line 112)
AS_INCLUDES = 
# automatic
@D = $(patsubst %/,%,$(dir $@))
# environment
XAUTHORITY = /home/lotos/.Xauthority
# environment
GDMSESSION = xubuntu
# default
MAKE_VERSION := 4.2.1
# makefile
CURDIR := /home/lotos/STM32CubeMX/projects/testmakeprogram
# makefile
SHELL = /bin/sh
# makefile (from 'Makefile', line 84)
BIN = $(CP) -O binary -S
# environment
GDM_LANG = en_US
# environment
VSCODE_NLS_CONFIG = {"locale":"en-us","availableLanguages":{},"_languagePackSupport":true}
# makefile (from 'Makefile', line 81)
SZ = $(PREFIX)size
# environment
_ = /usr/share/code/code
# makefile (from 'Makefile', line 134)
CFLAGS = $(MCU) $(C_DEFS) $(C_INCLUDES) $(OPT) -Wall -fdata-sections -ffunction-sections -g -gdwarf-2 -MMD -MP -MF"$(@:%.o=%.d)"
# environment
XDG_CONFIG_DIRS = /etc/xdg/xdg-xubuntu:/etc/xdg:/etc/xdg
# environment
GTK_OVERLAY_SCROLLING = 0
# makefile (from 'Makefile', line 1)
MAKEFILE_LIST :=  Makefile
# automatic
@F = $(notdir $@)
# makefile (from 'Makefile', line 80)
CP = $(PREFIX)objcopy
# makefile (from 'Makefile', line 23)
DEBUG = 1
# 'override' directive
GNUMAKEFLAGS := 
# environment
XDG_DATA_DIRS = /usr/share/xubuntu:/usr/share/xfce4:/usr/local/share:/usr/share:/var/lib/snapd/desktop:/usr/share
# environment
DBUS_SESSION_BUS_ADDRESS = unix:path=/run/user/1000/bus
# makefile (from 'Makefile', line 79)
AS = $(PREFIX)gcc -x assembler-with-cpp
# environment
LESSOPEN = | /usr/bin/lesspipe %s
# environment
VSCODE_CWD = /home/lotos
# environment
XDG_SESSION_PATH = /org/freedesktop/DisplayManager/Session0
# default
MAKE_HOST := x86_64-pc-linux-gnu
# environment
PATH = /usr/local/sbin:/usr/local/bin:/usr/sbin:/usr/bin:/sbin:/bin:/usr/games:/usr/local/games:/snap/bin
# environment
GPG_AGENT_INFO = /run/user/1000/gnupg/S.gpg-agent:0:1
# environment
SESSION_MANAGER = local/xubuntu:@/tmp/.ICE-unix/872,unix/xubuntu:/tmp/.ICE-unix/872
# environment
XDG_RUNTIME_DIR = /run/user/1000
# environment
XDG_MENU_PREFIX = xfce-
# environment
ELECTRON_RUN_AS_NODE = 1
# makefile (from 'Makefile', line 146)
LDFLAGS = $(MCU) -specs=nano.specs -T$(LDSCRIPT) $(LIBDIR) $(LIBS) -Wl,-Map=$(BUILD_DIR)/$(TARGET).map,--cref -Wl,--gc-sections
# default
.FEATURES := target-specific order-only second-expansion else-if shortest-stem undefine oneshell archives jobserver output-sync check-symlink load
# environment
XDG_GREETER_DATA_DIR = /var/lib/lightdm-data/lotos
# environment
LS_COLORS = 
# environment
XDG_SESSION_DESKTOP = xubuntu
# environment
SSH_AUTH_SOCK = /run/user/1000/keyring/ssh
# automatic
%F = $(notdir $%)
# environment
DISPLAY = :0.0
# makefile (from 'Makefile', line 62)
ASM_SOURCES = startup_stm32f303xe.s
# makefile (from 'Makefile', line 25)
OPT = -Og
# environment
PWD = /home/lotos/STM32CubeMX/projects/testmakeprogram
# environment
QT_QPA_PLATFORMTHEME = gtk2
# default
.LOADED := 
# environment
XDG_SEAT = seat0
# environment
SSH_AGENT_PID = 954
# environment
ORIGINAL_XDG_CURRENT_DESKTOP = XFCE
# environment
VSCODE_AMD_ENTRYPOINT = vs/workbench/api/node/extensionHostProcess
# environment
HOME = /home/lotos
# environment
LESSCLOSE = /usr/bin/lesspipe %s %s
# environment
VSCODE_CODE_CACHE_PATH = /home/lotos/.config/Code/CachedData/3b889b090b5ad5793f524b5d1d39fda662b96a2a
# environment
LOGNAME = lotos
# environment
APPLICATION_INSIGHTS_NO_DIAGNOSTIC_CHANNEL = true
# makefile (from 'Makefile', line 69)
PREFIX = arm-none-eabi-
# environment
VSCODE_HANDLES_UNCAUGHT_ERRORS = true
# automatic
^D = $(patsubst %/,%,$(dir $^))
# environment
XDG_VTNR = 7
# environment
CLUTTER_BACKEND = x11
# makefile (from 'Makefile', line 106)
C_DEFS = -DUSE_HAL_DRIVER -DSTM32F303xE
# environment
MAKELEVEL := 0
# makefile (from 'Makefile', line 115)
C_INCLUDES = -ICore/Inc -IDrivers/STM32F3xx_HAL_Driver/Inc -IDrivers/STM32F3xx_HAL_Driver/Inc/Legacy -IDrivers/CMSIS/Device/ST/STM32F3xx/Include -IDrivers/CMSIS/Include
# default
MAKE = $(MAKE_COMMAND)
# default
MAKECMDGOALS := all
# environment
SHLVL = 0
# makefile (from 'Makefile', line 96)
FLOAT-ABI = -mfloat-abi=hard
# makefile (from 'Makefile', line 83)
HEX = $(CP) -O ihex
# makefile (from 'Makefile', line 78)
CC = $(PREFIX)gcc
# makefile (from 'Makefile', line 32)
BUILD_DIR = build
# makefile (from 'Makefile', line 124)
ASFLAGS = $(MCU) $(AS_DEFS) $(AS_INCLUDES) $(OPT) -Wall -fdata-sections -ffunction-sections
# environment
XDG_SESSION_ID = c1
# environment
USER = lotos
# makefile
.DEFAULT_GOAL := all
# environment
XDG_CURRENT_DESKTOP = XFCE
# automatic
%D = $(patsubst %/,%,$(dir $%))
# makefile (from 'Makefile', line 90)
CPU = -mcpu=cortex-m4
# makefile (from 'Makefile', line 93)
FPU = -mfpu=fpv4-sp-d16
# default
MAKE_COMMAND := make
# makefile (from 'Makefile', line 145)
LIBDIR = 
# default
.VARIABLES := 
# automatic
*F = $(notdir $*)
# environment
LANGUAGE = en_US
# environment
XDG_SEAT_PATH = /org/freedesktop/DisplayManager/Seat0
# environment
VSCODE_IPC_HOOK = /run/user/1000/vscode-5acd730a-1.69.2-main.sock
# environment
PANEL_GDK_CORE_DEVICE_EVENTS = 0
# makefile
MAKEFLAGS = pqrR
# environment
MFLAGS = -pqrR
# automatic
*D = $(patsubst %/,%,$(dir $*))
# automatic
+D = $(patsubst %/,%,$(dir $+))
# environment
GDK_BACKEND = x11
# automatic
+F = $(notdir $+)
# environment
QT_ACCESSIBILITY = 1
# makefile (from 'Makefile', line 99)
MCU = $(CPU) -mthumb $(FPU) $(FLOAT-ABI)
# default
MAKEFILES := 
# automatic
<F = $(notdir $<)
# environment
LC_ALL = C
# makefile (from 'Makefile', line 144)
LIBS = -lc -lm -lnosys 
# automatic
^F = $(notdir $^)
# makefile (from 'Makefile', line 38)
C_SOURCES = Core/Src/main.c Core/Src/stm32f3xx_it.c Core/Src/stm32f3xx_hal_msp.c Drivers/STM32F3xx_HAL_Driver/Src/stm32f3xx_hal_tim.c Drivers/STM32F3xx_HAL_Driver/Src/stm32f3xx_hal_tim_ex.c Drivers/STM32F3xx_HAL_Driver/Src/stm32f3xx_hal_uart.c Drivers/STM32F3xx_HAL_Driver/Src/stm32f3xx_hal_uart_ex.c Drivers/STM32F3xx_HAL_Driver/Src/stm32f3xx_hal.c Drivers/STM32F3xx_HAL_Driver/Src/stm32f3xx_hal_rcc.c Drivers/STM32F3xx_HAL_Driver/Src/stm32f3xx_hal_rcc_ex.c Drivers/STM32F3xx_HAL_Driver/Src/stm32f3xx_hal_gpio.c Drivers/STM32F3xx_HAL_Driver/Src/stm32f3xx_hal_dma.c Drivers/STM32F3xx_HAL_Driver/Src/stm32f3xx_hal_cortex.c Drivers/STM32F3xx_HAL_Driver/Src/stm32f3xx_hal_pwr.c Drivers/STM32F3xx_HAL_Driver/Src/stm32f3xx_hal_pwr_ex.c Drivers/STM32F3xx_HAL_Driver/Src/stm32f3xx_hal_flash.c Drivers/STM32F3xx_HAL_Driver/Src/stm32f3xx_hal_flash_ex.c Drivers/STM32F3xx_HAL_Driver/Src/stm32f3xx_hal_i2c.c Drivers/STM32F3xx_HAL_Driver/Src/stm32f3xx_hal_i2c_ex.c Drivers/STM32F3xx_HAL_Driver/Src/stm32f3xx_hal_exti.c Core/Src/system_stm32f3xx.c
# default
SUFFIXES := 
# environment
CHROME_DESKTOP = code-url-handler.desktop
# default
.INCLUDE_DIRS = /usr/include /usr/local/include /usr/include
# default
.RECIPEPREFIX := 
# makefile (from 'Makefile', line 159)
OBJECTS = $(addprefix $(BUILD_DIR)/,$(notdir $(C_SOURCES:.c=.o))) $(addprefix $(BUILD_DIR)/,$(notdir $(ASM_SOURCES:.s=.o)))
# environment
LANG = C
# environment
VSCODE_PID = 61542
# variable set hash-table stats:
# Load=117/1024=11%, Rehash=0, Collisions=7/181=4%

# Pattern-specific Variable Values

# No pattern-specific variable values.

# Directories

# . (device 2050, inode 10107561): 10 files, no impossibilities.
# build: could not be stat'd.
# Drivers/STM32F3xx_HAL_Driver/Src (device 2050, inode 11406690): No files, no impossibilities so far.
# Core/Src (device 2050, inode 10107570): 4 files, no impossibilities so far.

# 14 files, no impossibilities in 4 directories.

# Implicit Rules

build/%.o: %.c Makefile | build
#  recipe to execute (from 'Makefile', line 163):
	$(CC) -c $(CFLAGS) -Wa,-a,-ad,-alms=$(BUILD_DIR)/$(notdir $(<:.c=.lst)) $< -o $@

build/%.o: %.s Makefile | build
#  recipe to execute (from 'Makefile', line 166):
	$(AS) -c $(CFLAGS) $< -o $@

build/%.hex: build/%.elf | build
#  recipe to execute (from 'Makefile', line 173):
	$(HEX) $< $@
	

build/%.bin: build/%.elf | build
#  recipe to execute (from 'Makefile', line 176):
 
	$(BIN) $< $@	
	

# 4 implicit rules, 0 (0.0%) terminal.

# Files

# Not a target:
build/stm32f3xx_hal_cortex.o:
#  Implicit rule search has not been done.
#  Modification time never checked.
#  File has not been updated.

build/main.o: Core/Src/main.c Makefile | build
#  Implicit rule search has been done.
#  Implicit/static pattern stem: 'main'
#  File does not exist.
#  File has been updated.
#  Needs to be updated (-q is set).
# variable set hash-table stats:
# Load=0/32=0%, Rehash=0, Collisions=0/3=0%
#  recipe to execute (from 'Makefile', line 163):
	$(CC) -c $(CFLAGS) -Wa,-a,-ad,-alms=$(BUILD_DIR)/$(notdir $(<:.c=.lst)) $< -o $@

# Not a target:
build/stm32f3xx_hal_flash_ex.o:
#  Implicit rule search has not been done.
#  Modification time never checked.
#  File has not been updated.

build/testmakeprogram.elf: build/main.o build/stm32f3xx_it.o build/stm32f3xx_hal_msp.o build/stm32f3xx_hal_tim.o build/stm32f3xx_hal_tim_ex.o build/stm32f3xx_hal_uart.o build/stm32f3xx_hal_uart_ex.o build/stm32f3xx_hal.o build/stm32f3xx_hal_rcc.o build/stm32f3xx_hal_rcc_ex.o build/stm32f3xx_hal_gpio.o build/stm32f3xx_hal_dma.o build/stm32f3xx_hal_cortex.o build/stm32f3xx_hal_pwr.o build/stm32f3xx_hal_pwr_ex.o build/stm32f3xx_hal_flash.o build/stm32f3xx_hal_flash_ex.o build/stm32f3xx_hal_i2c.o build/stm32f3xx_hal_i2c_ex.o build/stm32f3xx_hal_exti.o build/system_stm32f3xx.o build/startup_stm32f303xe.o Makefile
#  Implicit rule search has not been done.
#  File does not exist.
#  File has been updated.
#  Needs to be updated (-q is set).
# variable set hash-table stats:
# Load=0/32=0%, Rehash=0, Collisions=0/3=0%
#  recipe to execute (from 'Makefile', line 169):
	$(CC) $(OBJECTS) $(LDFLAGS) -o $@
	$(SZ) $@

# Not a target:
build/startup_stm32f303xe.o:
#  Implicit rule search has not been done.
#  Modification time never checked.
#  File has not been updated.

all: build/testmakeprogram.elf build/testmakeprogram.hex build/testmakeprogram.bin
#  Command line target.
#  Implicit rule search has been done.
#  File does not exist.
#  File has been updated.
#  Needs to be updated (-q is set).
# variable set hash-table stats:
# Load=0/32=0%, Rehash=0, Collisions=0/3=0%

# Not a target:
build/stm32f3xx_hal_msp.o:
#  Implicit rule search has not been done.
#  Modification time never checked.
#  File has not been updated.

# Not a target:
build/stm32f3xx_hal_gpio.o:
#  Implicit rule search has not been done.
#  Modification time never checked.
#  File has not been updated.

# Not a target:
build/stm32f3xx_hal.o:
#  Implicit rule search has not been done.
#  Modification time never checked.
#  File has not been updated.

# Not a target:
build/stm32f3xx_hal_rcc.o:
#  Implicit rule search has not been done.
#  Modification time never checked.
#  File has not been updated.

# Not a target:
build/testmakeprogram.bin:
#  Implicit rule search has not been done.
#  Modification time never checked.
#  File has not been updated.

# Not a target:
.SUFFIXES:
#  Implicit rule search has not been done.
#  Modification time never checked.
#  File has not been updated.

# Not a target:
Makefile:
#  Implicit rule search has been done.
#  Last modified 2022-07-18 22:15:40.590541681
#  File has been updated.
#  Successfully updated.

# Not a target:
build/stm32f3xx_hal_exti.o:
#  Implicit rule search has not been done.
#  Modification time never checked.
#  File has not been updated.

build:
#  Implicit rule search has not been done.
#  Implicit/static pattern stem: ''
#  File does not exist.
#  File has been updated.
#  Needs to be updated (-q is set).
# automatic
# @ := build
# automatic
# % := 
# automatic
# * := 
# automatic
# + := 
# automatic
# | := 
# automatic
# < := 
# automatic
# ^ := 
# automatic
# ? := 
# variable set hash-table stats:
# Load=8/32=25%, Rehash=0, Collisions=1/12=8%
#  recipe to execute (from 'Makefile', line 179):
	mkdir $@		

# Not a target:
build/system_stm32f3xx.o:
#  Implicit rule search has not been done.
#  Modification time never checked.
#  File has not been updated.

# Not a target:
build/stm32f3xx_it.o:
#  Implicit rule search has not been done.
#  Modification time never checked.
#  File has not been updated.

# Not a target:
build/stm32f3xx_hal_rcc_ex.o:
#  Implicit rule search has not been done.
#  Modification time never checked.
#  File has not been updated.

# Not a target:
build/stm32f3xx_hal_i2c.o:
#  Implicit rule search has not been done.
#  Modification time never checked.
#  File has not been updated.

# Not a target:
build/stm32f3xx_hal_uart.o:
#  Implicit rule search has not been done.
#  Modification time never checked.
#  File has not been updated.

# Not a target:
.DEFAULT:
#  Implicit rule search has not been done.
#  Modification time never checked.
#  File has not been updated.

clean:
#  Implicit rule search has not been done.
#  Modification time never checked.
#  File has not been updated.
#  recipe to execute (from 'Makefile', line 185):
	-rm -fR $(BUILD_DIR)

# Not a target:
build/stm32f3xx_hal_tim.o:
#  Implicit rule search has not been done.
#  Modification time never checked.
#  File has not been updated.

# Not a target:
build/stm32f3xx_hal_i2c_ex.o:
#  Implicit rule search has not been done.
#  Modification time never checked.
#  File has not been updated.

# Not a target:
Core/Src/main.c:
#  Implicit rule search has been done.
#  Last modified 2022-07-18 22:15:02.025
#  File has been updated.
#  Successfully updated.

# Not a target:
build/stm32f3xx_hal_pwr.o:
#  Implicit rule search has not been done.
#  Modification time never checked.
#  File has not been updated.

# Not a target:
build/stm32f3xx_hal_uart_ex.o:
#  Implicit rule search has not been done.
#  Modification time never checked.
#  File has not been updated.

# Not a target:
build/stm32f3xx_hal_flash.o:
#  Implicit rule search has not been done.
#  Modification time never checked.
#  File has not been updated.

# Not a target:
build/stm32f3xx_hal_dma.o:
#  Implicit rule search has not been done.
#  Modification time never checked.
#  File has not been updated.

# Not a target:
build/stm32f3xx_hal_tim_ex.o:
#  Implicit rule search has not been done.
#  Modification time never checked.
#  File has not been updated.

# Not a target:
build/testmakeprogram.hex:
#  Implicit rule search has not been done.
#  Modification time never checked.
#  File has not been updated.

# Not a target:
build/stm32f3xx_hal_pwr_ex.o:
#  Implicit rule search has not been done.
#  Modification time never checked.
#  File has not been updated.

# files hash-table stats:
# Load=32/1024=3%, Rehash=0, Collisions=4/84=5%
# VPATH Search Paths

vpath %.c Core/Src:Drivers/STM32F3xx_HAL_Driver/Src

# 1 'vpath' search paths.

# No general ('VPATH' variable) search path.

# strcache buffers: 1 (0) / strings = 55 / storage = 995 B / avg = 18 B
# current buf: size = 8162 B / used = 995 B / count = 55 / avg = 18 B

# strcache performance: lookups = 87 / hit rate = 36%
# hash-table stats:
# Load=55/8192=1%, Rehash=0, Collisions=2/87=2%
# Finished Make data base on Mon Jul 18 22:16:54 2022

 
